Determining if the pthread_create exist failed with the following output:
Change Dir: /home/akira/Dropbox/SpCoSLAM/catkin_ws/build/CMakeFiles/CMakeTmp

Run Build Command:/usr/bin/make "cmTryCompileExec1017135376/fast"
/usr/bin/make -f CMakeFiles/cmTryCompileExec1017135376.dir/build.make CMakeFiles/cmTryCompileExec1017135376.dir/build
make[1]: ディレクトリ `/home/akira/Dropbox/SpCoSLAM/catkin_ws/build/CMakeFiles/CMakeTmp' に入ります
/usr/bin/cmake -E cmake_progress_report /home/akira/Dropbox/SpCoSLAM/catkin_ws/build/CMakeFiles/CMakeTmp/CMakeFiles 1
Building C object CMakeFiles/cmTryCompileExec1017135376.dir/CheckSymbolExists.c.o
/usr/bin/cc    -o CMakeFiles/cmTryCompileExec1017135376.dir/CheckSymbolExists.c.o   -c /home/akira/Dropbox/SpCoSLAM/catkin_ws/build/CMakeFiles/CMakeTmp/CheckSymbolExists.c
Linking C executable cmTryCompileExec1017135376
/usr/bin/cmake -E cmake_link_script CMakeFiles/cmTryCompileExec1017135376.dir/link.txt --verbose=1
/usr/bin/cc       CMakeFiles/cmTryCompileExec1017135376.dir/CheckSymbolExists.c.o  -o cmTryCompileExec1017135376 -rdynamic 
CMakeFiles/cmTryCompileExec1017135376.dir/CheckSymbolExists.c.o: 関数 `main' 内:
CheckSymbolExists.c:(.text+0x16): `pthread_create' に対する定義されていない参照です
collect2: error: ld returned 1 exit status
make[1]: *** [cmTryCompileExec1017135376] エラー 1
make[1]: ディレクトリ `/home/akira/Dropbox/SpCoSLAM/catkin_ws/build/CMakeFiles/CMakeTmp' から出ます
make: *** [cmTryCompileExec1017135376/fast] エラー 2

File /home/akira/Dropbox/SpCoSLAM/catkin_ws/build/CMakeFiles/CMakeTmp/CheckSymbolExists.c:
/* */
#include <pthread.h>

int main(int argc, char** argv)
{
  (void)argv;
#ifndef pthread_create
  return ((int*)(&pthread_create))[argc];
#else
  (void)argc;
  return 0;
#endif
}

Determining if the function pthread_create exists in the pthreads failed with the following output:
Change Dir: /home/akira/Dropbox/SpCoSLAM/catkin_ws/build/CMakeFiles/CMakeTmp

Run Build Command:/usr/bin/make "cmTryCompileExec1697746650/fast"
/usr/bin/make -f CMakeFiles/cmTryCompileExec1697746650.dir/build.make CMakeFiles/cmTryCompileExec1697746650.dir/build
make[1]: ディレクトリ `/home/akira/Dropbox/SpCoSLAM/catkin_ws/build/CMakeFiles/CMakeTmp' に入ります
/usr/bin/cmake -E cmake_progress_report /home/akira/Dropbox/SpCoSLAM/catkin_ws/build/CMakeFiles/CMakeTmp/CMakeFiles 1
Building C object CMakeFiles/cmTryCompileExec1697746650.dir/CheckFunctionExists.c.o
/usr/bin/cc   -DCHECK_FUNCTION_EXISTS=pthread_create   -o CMakeFiles/cmTryCompileExec1697746650.dir/CheckFunctionExists.c.o   -c /usr/share/cmake-2.8/Modules/CheckFunctionExists.c
Linking C executable cmTryCompileExec1697746650
/usr/bin/cmake -E cmake_link_script CMakeFiles/cmTryCompileExec1697746650.dir/link.txt --verbose=1
/usr/bin/cc   -DCHECK_FUNCTION_EXISTS=pthread_create    CMakeFiles/cmTryCompileExec1697746650.dir/CheckFunctionExists.c.o  -o cmTryCompileExec1697746650 -rdynamic -lpthreads 
/usr/bin/ld: -lpthreads が見つかりません
collect2: error: ld returned 1 exit status
make[1]: ディレクトリ `/home/akira/Dropbox/SpCoSLAM/catkin_ws/build/CMakeFiles/CMakeTmp' から出ます
make[1]: *** [cmTryCompileExec1697746650] エラー 1
make: *** [cmTryCompileExec1697746650/fast] エラー 2


